<?xml version="1.0" encoding="UTF-8"?>
<!-- Generated by org.testng.reporters.JUnitReportReporter -->
<testsuite name="helloWorld.reRunFailedTestNG" tests="1" time="0.135" ignored="0" failures="0" timestamp="03 May 2019 03:53:16 GMT" skipped="0" hostname="LAPTOP-KU0RE9GB" errors="0">
  <testcase name="reRunFailedTests" time="0.135" classname="helloWorld.reRunFailedTestNG"/>
</testsuite> <!-- helloWorld.reRunFailedTestNG -->
