<?xml version="1.0" encoding="UTF-8"?>
<!-- Generated by org.testng.reporters.JUnitReportReporter -->
<testsuite name="helloWorld.sayHello" tests="1" time="0.015" ignored="0" failures="0" timestamp="30 Apr 2019 13:14:45 GMT" skipped="0" hostname="LAPTOP-KU0RE9GB" errors="0">
  <testcase name="MatryxsoftWebsite" time="0.015" classname="helloWorld.sayHello"/>
</testsuite> <!-- helloWorld.sayHello -->
